# JRE version: OpenJDK Runtime Environment (21.0.7) (build 21.0.7+-13880790-b1038.58)
# Java VM: OpenJDK 64-Bit Server VM (21.0.7+-13880790-b1038.58, mixed mode, tiered, compressed oops, compressed class ptrs, g1 gc, windows-amd64)
GC Precious Log:
 CardTable entry size: 512
 Card Set container configuration: InlinePtr #cards 5 size 8 Array Of Cards #cards 12 size 40 Howl #buckets 4 coarsen threshold 1843 Howl Bitmap #cards 512 size 80 coarsen threshold 460 Card regions per heap region 1 cards per card region 2048
 CPUs: 28 total, 28 available
 Memory: 16039M
 Large Page Support: Disabled
 NUMA Support: Disabled
 Compressed Oops: Enabled (32-bit)
 Heap Region Size: 1M
 Heap Min Capacity: 8M
 Heap Initial Capacity: 252M
 Heap Max Capacity: 2G
 Pre-touch: Disabled
 Parallel Workers: 20
 Concurrent Workers: 5
 Concurrent Refinement Workers: 20
 Periodic GC: Disabled
Heap:
 garbage-first heap   total 131072K, used 75490K [0x0000000080000000, 0x0000000100000000)
  region size 1024K, 6 young (6144K), 6 survivors (6144K)
 Metaspace       used 84160K, committed 86016K, reserved 1179648K
  class space    used 11488K, committed 12416K, reserved 1048576K
GC Heap History (20 events):
Event: 2.557 GC heap after
{Heap after GC invocations=11 (full 0):
 garbage-first heap   total 103424K, used 37390K [0x0000000080000000, 0x0000000100000000)
  region size 1024K, 3 young (3072K), 3 survivors (3072K)
 Metaspace       used 54805K, committed 56256K, reserved 1114112K
  class space    used 7523K, committed 8256K, reserved 1048576K
}
Event: 2.892 GC heap before
{Heap before GC invocations=11 (full 0):
 garbage-first heap   total 103424K, used 89614K [0x0000000080000000, 0x0000000100000000)
  region size 1024K, 53 young (54272K), 3 survivors (3072K)
 Metaspace       used 57898K, committed 59392K, reserved 1114112K
  class space    used 7872K, committed 8576K, reserved 1048576K
}
Event: 2.895 GC heap after
{Heap after GC invocations=12 (full 0):
 garbage-first heap   total 103424K, used 41449K [0x0000000080000000, 0x0000000100000000)
  region size 1024K, 7 young (7168K), 7 survivors (7168K)
 Metaspace       used 57898K, committed 59392K, reserved 1114112K
  class space    used 7872K, committed 8576K, reserved 1048576K
}
Event: 2.942 GC heap before
{Heap before GC invocations=12 (full 0):
 garbage-first heap   total 103424K, used 47593K [0x0000000080000000, 0x0000000100000000)
  region size 1024K, 14 young (14336K), 7 survivors (7168K)
 Metaspace       used 58663K, committed 60096K, reserved 1114112K
  class space    used 8003K, committed 8704K, reserved 1048576K
}
Event: 2.945 GC heap after
{Heap after GC invocations=13 (full 0):
 garbage-first heap   total 103424K, used 42084K [0x0000000080000000, 0x0000000100000000)
  region size 1024K, 1 young (1024K), 1 survivors (1024K)
 Metaspace       used 58663K, committed 60096K, reserved 1114112K
  class space    used 8003K, committed 8704K, reserved 1048576K
}
Event: 3.235 GC heap before
{Heap before GC invocations=14 (full 0):
 garbage-first heap   total 103424K, used 84068K [0x0000000080000000, 0x0000000100000000)
  region size 1024K, 42 young (43008K), 1 survivors (1024K)
 Metaspace       used 64855K, committed 66496K, reserved 1114112K
  class space    used 8893K, committed 9664K, reserved 1048576K
}
Event: 3.236 GC heap after
{Heap after GC invocations=15 (full 0):
 garbage-first heap   total 103424K, used 43898K [0x0000000080000000, 0x0000000100000000)
  region size 1024K, 3 young (3072K), 3 survivors (3072K)
 Metaspace       used 64855K, committed 66496K, reserved 1114112K
  class space    used 8893K, committed 9664K, reserved 1048576K
}
Event: 3.516 GC heap before
{Heap before GC invocations=15 (full 0):
 garbage-first heap   total 103424K, used 86906K [0x0000000080000000, 0x0000000100000000)
  region size 1024K, 45 young (46080K), 3 survivors (3072K)
 Metaspace       used 69925K, committed 71680K, reserved 1114112K
  class space    used 9726K, committed 10624K, reserved 1048576K
}
Event: 3.518 GC heap after
{Heap after GC invocations=16 (full 0):
 garbage-first heap   total 103424K, used 45331K [0x0000000080000000, 0x0000000100000000)
  region size 1024K, 5 young (5120K), 5 survivors (5120K)
 Metaspace       used 69925K, committed 71680K, reserved 1114112K
  class space    used 9726K, committed 10624K, reserved 1048576K
}
Event: 3.833 GC heap before
{Heap before GC invocations=16 (full 0):
 garbage-first heap   total 103424K, used 88339K [0x0000000080000000, 0x0000000100000000)
  region size 1024K, 48 young (49152K), 5 survivors (5120K)
 Metaspace       used 72225K, committed 73920K, reserved 1114112K
  class space    used 9977K, committed 10816K, reserved 1048576K
}
Event: 3.836 GC heap after
{Heap after GC invocations=17 (full 0):
 garbage-first heap   total 103424K, used 50070K [0x0000000080000000, 0x0000000100000000)
  region size 1024K, 6 young (6144K), 6 survivors (6144K)
 Metaspace       used 72225K, committed 73920K, reserved 1114112K
  class space    used 9977K, committed 10816K, reserved 1048576K
}
Event: 3.929 GC heap before
{Heap before GC invocations=17 (full 0):
 garbage-first heap   total 103424K, used 88982K [0x0000000080000000, 0x0000000100000000)
  region size 1024K, 45 young (46080K), 6 survivors (6144K)
 Metaspace       used 72559K, committed 74304K, reserved 1114112K
  class space    used 9977K, committed 10816K, reserved 1048576K
}
Event: 3.931 GC heap after
{Heap after GC invocations=18 (full 0):
 garbage-first heap   total 124928K, used 52335K [0x0000000080000000, 0x0000000100000000)
  region size 1024K, 4 young (4096K), 4 survivors (4096K)
 Metaspace       used 72559K, committed 74304K, reserved 1114112K
  class space    used 9977K, committed 10816K, reserved 1048576K
}
Event: 4.040 GC heap before
{Heap before GC invocations=19 (full 0):
 garbage-first heap   total 124928K, used 106607K [0x0000000080000000, 0x0000000100000000)
  region size 1024K, 58 young (59392K), 4 survivors (4096K)
 Metaspace       used 72582K, committed 74304K, reserved 1114112K
  class space    used 9978K, committed 10816K, reserved 1048576K
}
Event: 4.042 GC heap after
{Heap after GC invocations=20 (full 0):
 garbage-first heap   total 124928K, used 53956K [0x0000000080000000, 0x0000000100000000)
  region size 1024K, 6 young (6144K), 6 survivors (6144K)
 Metaspace       used 72582K, committed 74304K, reserved 1114112K
  class space    used 9978K, committed 10816K, reserved 1048576K
}
Event: 4.419 GC heap before
{Heap before GC invocations=20 (full 0):
 garbage-first heap   total 124928K, used 114372K [0x0000000080000000, 0x0000000100000000)
  region size 1024K, 59 young (60416K), 6 survivors (6144K)
 Metaspace       used 75622K, committed 77440K, reserved 1179648K
  class space    used 10357K, committed 11264K, reserved 1048576K
}
Event: 4.423 GC heap after
{Heap after GC invocations=21 (full 0):
 garbage-first heap   total 131072K, used 67332K [0x0000000080000000, 0x0000000100000000)
  region size 1024K, 8 young (8192K), 8 survivors (8192K)
 Metaspace       used 75622K, committed 77440K, reserved 1179648K
  class space    used 10357K, committed 11264K, reserved 1048576K
}
Event: 4.724 GC heap before
{Heap before GC invocations=21 (full 0):
 garbage-first heap   total 131072K, used 112388K [0x0000000080000000, 0x0000000100000000)
  region size 1024K, 53 young (54272K), 8 survivors (8192K)
 Metaspace       used 80449K, committed 82368K, reserved 1179648K
  class space    used 10966K, committed 11904K, reserved 1048576K
}
Event: 4.728 GC heap after
{Heap after GC invocations=22 (full 0):
 garbage-first heap   total 131072K, used 69834K [0x0000000080000000, 0x0000000100000000)
  region size 1024K, 2 young (2048K), 2 survivors (2048K)
 Metaspace       used 80449K, committed 82368K, reserved 1179648K
  class space    used 10966K, committed 11904K, reserved 1048576K
}
Event: 4.955 GC heap before
{Heap before GC invocations=23 (full 0):
 garbage-first heap   total 131072K, used 121034K [0x0000000080000000, 0x0000000100000000)
  region size 1024K, 47 young (48128K), 2 survivors (2048K)
 Metaspace       used 84160K, committed 86016K, reserved 1179648K
  class space    used 11488K, committed 12416K, reserved 1048576K
}

