# JRE version: OpenJDK Runtime Environment (21.0.7) (build 21.0.7+-13880790-b1038.58)
# Java VM: OpenJDK 64-Bit Server VM (21.0.7+-13880790-b1038.58, mixed mode, tiered, compressed oops, compressed class ptrs, g1 gc, windows-amd64)
GC Precious Log:
 CardTable entry size: 512
 Card Set container configuration: InlinePtr #cards 5 size 8 Array Of Cards #cards 12 size 40 Howl #buckets 4 coarsen threshold 1843 Howl Bitmap #cards 512 size 80 coarsen threshold 460 Card regions per heap region 1 cards per card region 2048
 CPUs: 28 total, 28 available
 Memory: 16039M
 Large Page Support: Disabled
 NUMA Support: Disabled
 Compressed Oops: Enabled (32-bit)
 Heap Region Size: 1M
 Heap Min Capacity: 8M
 Heap Initial Capacity: 252M
 Heap Max Capacity: 2G
 Pre-touch: Disabled
 Parallel Workers: 20
 Concurrent Workers: 5
 Concurrent Refinement Workers: 20
 Periodic GC: Disabled
Heap:
 garbage-first heap   total 115712K, used 66894K [0x0000000080000000, 0x0000000100000000)
  region size 1024K, 6 young (6144K), 6 survivors (6144K)
 Metaspace       used 71144K, committed 72896K, reserved 1114112K
  class space    used 9711K, committed 10560K, reserved 1048576K
GC Heap History (20 events):
Event: 1.981 GC heap after
{Heap after GC invocations=8 (full 0):
 garbage-first heap   total 84992K, used 25911K [0x0000000080000000, 0x0000000100000000)
  region size 1024K, 4 young (4096K), 4 survivors (4096K)
 Metaspace       used 35204K, committed 35968K, reserved 1114112K
  class space    used 4759K, committed 5120K, reserved 1048576K
}
Event: 2.410 GC heap before
{Heap before GC invocations=9 (full 0):
 garbage-first heap   total 84992K, used 69943K [0x0000000080000000, 0x0000000100000000)
  region size 1024K, 48 young (49152K), 4 survivors (4096K)
 Metaspace       used 43911K, committed 44800K, reserved 1114112K
  class space    used 5861K, committed 6272K, reserved 1048576K
}
Event: 2.413 GC heap after
{Heap after GC invocations=10 (full 0):
 garbage-first heap   total 84992K, used 30168K [0x0000000080000000, 0x0000000100000000)
  region size 1024K, 6 young (6144K), 6 survivors (6144K)
 Metaspace       used 43911K, committed 44800K, reserved 1114112K
  class space    used 5861K, committed 6272K, reserved 1048576K
}
Event: 2.693 GC heap before
{Heap before GC invocations=10 (full 0):
 garbage-first heap   total 84992K, used 76248K [0x0000000080000000, 0x0000000100000000)
  region size 1024K, 47 young (48128K), 6 survivors (6144K)
 Metaspace       used 47443K, committed 48448K, reserved 1114112K
  class space    used 6281K, committed 6720K, reserved 1048576K
}
Event: 2.696 GC heap after
{Heap after GC invocations=11 (full 0):
 garbage-first heap   total 89088K, used 34062K [0x0000000080000000, 0x0000000100000000)
  region size 1024K, 4 young (4096K), 4 survivors (4096K)
 Metaspace       used 47443K, committed 48448K, reserved 1114112K
  class space    used 6281K, committed 6720K, reserved 1048576K
}
Event: 2.959 GC heap before
{Heap before GC invocations=11 (full 0):
 garbage-first heap   total 89088K, used 76046K [0x0000000080000000, 0x0000000100000000)
  region size 1024K, 45 young (46080K), 4 survivors (4096K)
 Metaspace       used 52447K, committed 53888K, reserved 1114112K
  class space    used 7121K, committed 7808K, reserved 1048576K
}
Event: 2.962 GC heap after
{Heap after GC invocations=12 (full 0):
 garbage-first heap   total 107520K, used 36623K [0x0000000080000000, 0x0000000100000000)
  region size 1024K, 3 young (3072K), 3 survivors (3072K)
 Metaspace       used 52447K, committed 53888K, reserved 1114112K
  class space    used 7121K, committed 7808K, reserved 1048576K
}
Event: 3.581 GC heap before
{Heap before GC invocations=12 (full 0):
 garbage-first heap   total 107520K, used 93967K [0x0000000080000000, 0x0000000100000000)
  region size 1024K, 59 young (60416K), 3 survivors (3072K)
 Metaspace       used 56966K, committed 58496K, reserved 1114112K
  class space    used 7853K, committed 8576K, reserved 1048576K
}
Event: 3.583 GC heap after
{Heap after GC invocations=13 (full 0):
 garbage-first heap   total 107520K, used 42583K [0x0000000080000000, 0x0000000100000000)
  region size 1024K, 8 young (8192K), 8 survivors (8192K)
 Metaspace       used 56966K, committed 58496K, reserved 1114112K
  class space    used 7853K, committed 8576K, reserved 1048576K
}
Event: 3.712 GC heap before
{Heap before GC invocations=13 (full 0):
 garbage-first heap   total 107520K, used 52823K [0x0000000080000000, 0x0000000100000000)
  region size 1024K, 19 young (19456K), 8 survivors (8192K)
 Metaspace       used 58568K, committed 60096K, reserved 1114112K
  class space    used 8095K, committed 8832K, reserved 1048576K
}
Event: 3.714 GC heap after
{Heap after GC invocations=14 (full 0):
 garbage-first heap   total 107520K, used 44491K [0x0000000080000000, 0x0000000100000000)
  region size 1024K, 2 young (2048K), 2 survivors (2048K)
 Metaspace       used 58568K, committed 60096K, reserved 1114112K
  class space    used 8095K, committed 8832K, reserved 1048576K
}
Event: 4.098 GC heap before
{Heap before GC invocations=15 (full 0):
 garbage-first heap   total 107520K, used 91595K [0x0000000080000000, 0x0000000100000000)
  region size 1024K, 47 young (48128K), 2 survivors (2048K)
 Metaspace       used 65134K, committed 66816K, reserved 1114112K
  class space    used 9028K, committed 9856K, reserved 1048576K
}
Event: 4.099 GC heap after
{Heap after GC invocations=16 (full 0):
 garbage-first heap   total 107520K, used 45695K [0x0000000080000000, 0x0000000100000000)
  region size 1024K, 3 young (3072K), 3 survivors (3072K)
 Metaspace       used 65134K, committed 66816K, reserved 1114112K
  class space    used 9028K, committed 9856K, reserved 1048576K
}
Event: 4.564 GC heap before
{Heap before GC invocations=16 (full 0):
 garbage-first heap   total 107520K, used 91775K [0x0000000080000000, 0x0000000100000000)
  region size 1024K, 49 young (50176K), 3 survivors (3072K)
 Metaspace       used 67997K, committed 69696K, reserved 1114112K
  class space    used 9360K, committed 10176K, reserved 1048576K
}
Event: 4.566 GC heap after
{Heap after GC invocations=17 (full 0):
 garbage-first heap   total 107520K, used 49871K [0x0000000080000000, 0x0000000100000000)
  region size 1024K, 7 young (7168K), 7 survivors (7168K)
 Metaspace       used 67997K, committed 69696K, reserved 1114112K
  class space    used 9360K, committed 10176K, reserved 1048576K
}
Event: 4.671 GC heap before
{Heap before GC invocations=17 (full 0):
 garbage-first heap   total 107520K, used 92879K [0x0000000080000000, 0x0000000100000000)
  region size 1024K, 50 young (51200K), 7 survivors (7168K)
 Metaspace       used 68354K, committed 70080K, reserved 1114112K
  class space    used 9361K, committed 10176K, reserved 1048576K
}
Event: 4.674 GC heap after
{Heap after GC invocations=18 (full 0):
 garbage-first heap   total 107520K, used 51873K [0x0000000080000000, 0x0000000100000000)
  region size 1024K, 2 young (2048K), 2 survivors (2048K)
 Metaspace       used 68354K, committed 70080K, reserved 1114112K
  class space    used 9361K, committed 10176K, reserved 1048576K
}
Event: 4.800 GC heap before
{Heap before GC invocations=18 (full 0):
 garbage-first heap   total 107520K, used 94881K [0x0000000080000000, 0x0000000100000000)
  region size 1024K, 45 young (46080K), 2 survivors (2048K)
 Metaspace       used 68503K, committed 70208K, reserved 1114112K
  class space    used 9380K, committed 10176K, reserved 1048576K
}
Event: 4.801 GC heap after
{Heap after GC invocations=19 (full 0):
 garbage-first heap   total 107520K, used 53286K [0x0000000080000000, 0x0000000100000000)
  region size 1024K, 4 young (4096K), 4 survivors (4096K)
 Metaspace       used 68503K, committed 70208K, reserved 1114112K
  class space    used 9380K, committed 10176K, reserved 1048576K
}
Event: 5.274 GC heap before
{Heap before GC invocations=20 (full 0):
 garbage-first heap   total 107520K, used 102438K [0x0000000080000000, 0x0000000100000000)
  region size 1024K, 46 young (47104K), 4 survivors (4096K)
 Metaspace       used 71144K, committed 72896K, reserved 1114112K
  class space    used 9711K, committed 10560K, reserved 1048576K
}

